{"D:\\Program\\COLLEGE\\InternetApps\\brook\\server\\src\\main.ts": {"path":"D:\\Program\\COLLEGE\\InternetApps\\brook\\server\\src\\main.ts","statementMap":{"0":{"start":{"line":1,"column":0},"end":{"line":1,"column":28}},"1":{"start":{"line":2,"column":0},"end":{"line":2,"column":37}},"2":{"start":{"line":4,"column":0},"end":{"line":4,"column":16}},"3":{"start":{"line":6,"column":0},"end":{"line":11,"column":3}},"4":{"start":{"line":7,"column":2},"end":{"line":10,"column":5}},"5":{"start":{"line":8,"column":4},"end":{"line":8,"column":52}},"6":{"start":{"line":9,"column":4},"end":{"line":9,"column":48}}},"fnMap":{"0":{"name":"(anonymous_1)","decl":{"start":{"line":6,"column":19},"end":{"line":6,"column":20}},"loc":{"start":{"line":6,"column":58},"end":{"line":11,"column":1}}},"1":{"name":"(anonymous_2)","decl":{"start":{"line":7,"column":22},"end":{"line":7,"column":25}},"loc":{"start":{"line":7,"column":27},"end":{"line":10,"column":3}}}},"branchMap":{},"s":{"0":0,"1":0,"2":0,"3":0,"4":0,"5":0,"6":0},"f":{"0":0,"1":0},"b":{}}
,"D:\\Program\\COLLEGE\\InternetApps\\brook\\server\\src\\server.ts": {"path":"D:\\Program\\COLLEGE\\InternetApps\\brook\\server\\src\\server.ts","statementMap":{"0":{"start":{"line":1,"column":0},"end":{"line":1,"column":43}},"1":{"start":{"line":2,"column":0},"end":{"line":2,"column":32}},"2":{"start":{"line":3,"column":0},"end":{"line":3,"column":60}},"3":{"start":{"line":4,"column":0},"end":{"line":4,"column":66}},"4":{"start":{"line":5,"column":0},"end":{"line":5,"column":57}},"5":{"start":{"line":6,"column":0},"end":{"line":6,"column":59}},"6":{"start":{"line":7,"column":0},"end":{"line":7,"column":60}},"7":{"start":{"line":8,"column":0},"end":{"line":8,"column":40}},"8":{"start":{"line":9,"column":0},"end":{"line":9,"column":24}},"9":{"start":{"line":10,"column":0},"end":{"line":10,"column":53}},"10":{"start":{"line":11,"column":0},"end":{"line":11,"column":50}},"11":{"start":{"line":12,"column":0},"end":{"line":12,"column":24}},"12":{"start":{"line":14,"column":0},"end":{"line":14,"column":43}},"13":{"start":{"line":15,"column":0},"end":{"line":15,"column":28}},"14":{"start":{"line":16,"column":0},"end":{"line":16,"column":56}},"15":{"start":{"line":17,"column":0},"end":{"line":17,"column":16}},"16":{"start":{"line":19,"column":43},"end":{"line":90,"column":2}},"17":{"start":{"line":20,"column":23},"end":{"line":20,"column":60}},"18":{"start":{"line":22,"column":27},"end":{"line":24,"column":27}},"19":{"start":{"line":26,"column":2},"end":{"line":89,"column":40}},"20":{"start":{"line":29,"column":6},"end":{"line":29,"column":42}},"21":{"start":{"line":30,"column":27},"end":{"line":30,"column":36}},"22":{"start":{"line":32,"column":21},"end":{"line":32,"column":27}},"23":{"start":{"line":34,"column":6},"end":{"line":34,"column":22}},"24":{"start":{"line":35,"column":6},"end":{"line":35,"column":30}},"25":{"start":{"line":36,"column":6},"end":{"line":36,"column":79}},"26":{"start":{"line":37,"column":6},"end":{"line":37,"column":36}},"27":{"start":{"line":38,"column":6},"end":{"line":38,"column":48}},"28":{"start":{"line":39,"column":6},"end":{"line":39,"column":50}},"29":{"start":{"line":40,"column":6},"end":{"line":40,"column":56}},"30":{"start":{"line":41,"column":6},"end":{"line":41,"column":50}},"31":{"start":{"line":44,"column":6},"end":{"line":47,"column":8}},"32":{"start":{"line":50,"column":6},"end":{"line":50,"column":64}},"33":{"start":{"line":53,"column":6},"end":{"line":55,"column":9}},"34":{"start":{"line":54,"column":8},"end":{"line":54,"column":69}},"35":{"start":{"line":57,"column":6},"end":{"line":59,"column":9}},"36":{"start":{"line":58,"column":8},"end":{"line":58,"column":35}},"37":{"start":{"line":61,"column":6},"end":{"line":87,"column":7}},"38":{"start":{"line":62,"column":8},"end":{"line":62,"column":39}},"39":{"start":{"line":64,"column":44},"end":{"line":64,"column":62}},"40":{"start":{"line":66,"column":36},"end":{"line":71,"column":null}},"41":{"start":{"line":74,"column":8},"end":{"line":78,"column":11}},"42":{"start":{"line":80,"column":8},"end":{"line":80,"column":40}},"43":{"start":{"line":81,"column":35},"end":{"line":81,"column":57}},"44":{"start":{"line":82,"column":8},"end":{"line":86,"column":11}},"45":{"start":{"line":89,"column":20},"end":{"line":89,"column":38}},"46":{"start":{"line":92,"column":0},"end":{"line":92,"column":29}}},"fnMap":{"0":{"name":"(anonymous_1)","decl":{"start":{"line":19,"column":55},"end":{"line":19,"column":56}},"loc":{"start":{"line":19,"column":75},"end":{"line":90,"column":1}}},"1":{"name":"(anonymous_2)","decl":{"start":{"line":28,"column":10},"end":{"line":28,"column":13}},"loc":{"start":{"line":28,"column":15},"end":{"line":88,"column":5}}},"2":{"name":"(anonymous_3)","decl":{"start":{"line":53,"column":19},"end":{"line":53,"column":20}},"loc":{"start":{"line":53,"column":32},"end":{"line":55,"column":7}}},"3":{"name":"(anonymous_4)","decl":{"start":{"line":57,"column":27},"end":{"line":57,"column":28}},"loc":{"start":{"line":57,"column":40},"end":{"line":59,"column":7}}},"4":{"name":"(anonymous_5)","decl":{"start":{"line":89,"column":11},"end":{"line":89,"column":12}},"loc":{"start":{"line":89,"column":20},"end":{"line":89,"column":38}}}},"branchMap":{"0":{"loc":{"start":{"line":22,"column":27},"end":{"line":24,"column":27}},"type":"cond-expr","locations":[{"start":{"line":23,"column":6},"end":{"line":23,"column":32}},{"start":{"line":24,"column":6},"end":{"line":24,"column":27}}]},"1":{"loc":{"start":{"line":61,"column":6},"end":{"line":87,"column":7}},"type":"if","locations":[{"start":{"line":61,"column":6},"end":{"line":87,"column":7}},{"start":{"line":79,"column":13},"end":{"line":87,"column":7}}]}},"s":{"0":4,"1":4,"2":4,"3":4,"4":4,"5":4,"6":4,"7":4,"8":4,"9":4,"10":4,"11":4,"12":4,"13":4,"14":4,"15":4,"16":4,"17":4,"18":4,"19":4,"20":4,"21":4,"22":4,"23":4,"24":4,"25":4,"26":4,"27":4,"28":4,"29":4,"30":4,"31":4,"32":4,"33":4,"34":0,"35":4,"36":0,"37":4,"38":0,"39":0,"40":0,"41":0,"42":4,"43":4,"44":4,"45":0,"46":4},"f":{"0":4,"1":4,"2":0,"3":0,"4":0},"b":{"0":[0,4],"1":[0,4]}}
,"D:\\Program\\COLLEGE\\InternetApps\\brook\\server\\src\\swagger.ts": {"path":"D:\\Program\\COLLEGE\\InternetApps\\brook\\server\\src\\swagger.ts","statementMap":{"0":{"start":{"line":1,"column":0},"end":{"line":1,"column":41}},"1":{"start":{"line":3,"column":16},"end":{"line":38,"column":2}},"2":{"start":{"line":40,"column":13},"end":{"line":40,"column":49}}},"fnMap":{},"branchMap":{},"s":{"0":4,"1":4,"2":4},"f":{},"b":{}}
,"D:\\Program\\COLLEGE\\InternetApps\\brook\\server\\src\\controllers\\auth.controller.ts": {"path":"D:\\Program\\COLLEGE\\InternetApps\\brook\\server\\src\\controllers\\auth.controller.ts","statementMap":{"0":{"start":{"line":1,"column":0},"end":{"line":1,"column":53}},"1":{"start":{"line":2,"column":0},"end":{"line":2,"column":28}},"2":{"start":{"line":3,"column":0},"end":{"line":3,"column":31}},"3":{"start":{"line":4,"column":0},"end":{"line":4,"column":36}},"4":{"start":{"line":5,"column":0},"end":{"line":5,"column":32}},"5":{"start":{"line":6,"column":0},"end":{"line":6,"column":59}},"6":{"start":{"line":7,"column":0},"end":{"line":7,"column":51}},"7":{"start":{"line":9,"column":13},"end":{"line":9,"column":47}},"8":{"start":{"line":11,"column":15},"end":{"line":11,"column":31}},"9":{"start":{"line":14,"column":29},"end":{"line":20,"column":1}},"10":{"start":{"line":19,"column":2},"end":{"line":19,"column":53}},"11":{"start":{"line":14,"column":13},"end":{"line":14,"column":29}},"12":{"start":{"line":82,"column":0},"end":{"line":113,"column":3}},"13":{"start":{"line":82,"column":63},"end":{"line":113,"column":2}},"14":{"start":{"line":83,"column":40},"end":{"line":83,"column":48}},"15":{"start":{"line":85,"column":2},"end":{"line":87,"column":3}},"16":{"start":{"line":86,"column":4},"end":{"line":86,"column":72}},"17":{"start":{"line":89,"column":29},"end":{"line":91,"column":4}},"18":{"start":{"line":93,"column":2},"end":{"line":95,"column":3}},"19":{"start":{"line":94,"column":4},"end":{"line":94,"column":69}},"20":{"start":{"line":97,"column":2},"end":{"line":112,"column":3}},"21":{"start":{"line":98,"column":17},"end":{"line":98,"column":41}},"22":{"start":{"line":99,"column":30},"end":{"line":99,"column":63}},"23":{"start":{"line":100,"column":27},"end":{"line":105,"column":6}},"24":{"start":{"line":107,"column":4},"end":{"line":107,"column":25}},"25":{"start":{"line":108,"column":4},"end":{"line":108,"column":34}},"26":{"start":{"line":110,"column":4},"end":{"line":110,"column":25}},"27":{"start":{"line":111,"column":4},"end":{"line":111,"column":64}},"28":{"start":{"line":149,"column":0},"end":{"line":186,"column":3}},"29":{"start":{"line":149,"column":60},"end":{"line":186,"column":2}},"30":{"start":{"line":150,"column":30},"end":{"line":150,"column":38}},"31":{"start":{"line":152,"column":2},"end":{"line":154,"column":3}},"32":{"start":{"line":153,"column":4},"end":{"line":153,"column":72}},"33":{"start":{"line":156,"column":2},"end":{"line":185,"column":3}},"34":{"start":{"line":157,"column":24},"end":{"line":157,"column":53}},"35":{"start":{"line":158,"column":4},"end":{"line":160,"column":5}},"36":{"start":{"line":159,"column":6},"end":{"line":159,"column":65}},"37":{"start":{"line":162,"column":20},"end":{"line":162,"column":65}},"38":{"start":{"line":163,"column":4},"end":{"line":165,"column":5}},"39":{"start":{"line":164,"column":6},"end":{"line":164,"column":70}},"40":{"start":{"line":167,"column":24},"end":{"line":170,"column":null}},"41":{"start":{"line":172,"column":25},"end":{"line":175,"column":null}},"42":{"start":{"line":178,"column":4},"end":{"line":178,"column":35}},"43":{"start":{"line":179,"column":4},"end":{"line":179,"column":22}},"44":{"start":{"line":181,"column":4},"end":{"line":181,"column":62}},"45":{"start":{"line":183,"column":4},"end":{"line":183,"column":25}},"46":{"start":{"line":184,"column":4},"end":{"line":184,"column":63}},"47":{"start":{"line":217,"column":0},"end":{"line":258,"column":3}},"48":{"start":{"line":217,"column":62},"end":{"line":258,"column":2}},"49":{"start":{"line":218,"column":21},"end":{"line":218,"column":49}},"50":{"start":{"line":220,"column":4},"end":{"line":220,"column":69}},"51":{"start":{"line":221,"column":2},"end":{"line":223,"column":3}},"52":{"start":{"line":222,"column":4},"end":{"line":222,"column":80}},"53":{"start":{"line":225,"column":2},"end":{"line":257,"column":3}},"54":{"start":{"line":226,"column":4},"end":{"line":253,"column":6}},"55":{"start":{"line":229,"column":64},"end":{"line":252,"column":null}},"56":{"start":{"line":230,"column":8},"end":{"line":232,"column":9}},"57":{"start":{"line":231,"column":10},"end":{"line":231,"column":64}},"58":{"start":{"line":234,"column":23},"end":{"line":234,"column":38}},"59":{"start":{"line":235,"column":28},"end":{"line":235,"column":55}},"60":{"start":{"line":236,"column":8},"end":{"line":238,"column":9}},"61":{"start":{"line":237,"column":10},"end":{"line":237,"column":69}},"62":{"start":{"line":240,"column":8},"end":{"line":244,"column":9}},"63":{"start":{"line":241,"column":10},"end":{"line":241,"column":27}},"64":{"start":{"line":242,"column":10},"end":{"line":242,"column":28}},"65":{"start":{"line":243,"column":10},"end":{"line":243,"column":76}},"66":{"start":{"line":246,"column":28},"end":{"line":249,"column":null}},"67":{"start":{"line":251,"column":8},"end":{"line":251,"column":34}},"68":{"start":{"line":255,"column":4},"end":{"line":255,"column":25}},"69":{"start":{"line":256,"column":4},"end":{"line":256,"column":64}},"70":{"start":{"line":276,"column":0},"end":{"line":307,"column":3}},"71":{"start":{"line":276,"column":61},"end":{"line":307,"column":2}},"72":{"start":{"line":277,"column":21},"end":{"line":277,"column":49}},"73":{"start":{"line":278,"column":16},"end":{"line":278,"column":54}},"74":{"start":{"line":279,"column":2},"end":{"line":281,"column":3}},"75":{"start":{"line":280,"column":4},"end":{"line":280,"column":61}},"76":{"start":{"line":283,"column":2},"end":{"line":306,"column":3}},"77":{"start":{"line":284,"column":4},"end":{"line":302,"column":6}},"78":{"start":{"line":287,"column":64},"end":{"line":301,"column":null}},"79":{"start":{"line":288,"column":8},"end":{"line":290,"column":9}},"80":{"start":{"line":289,"column":10},"end":{"line":289,"column":64}},"81":{"start":{"line":292,"column":23},"end":{"line":292,"column":38}},"82":{"start":{"line":293,"column":28},"end":{"line":293,"column":55}},"83":{"start":{"line":294,"column":8},"end":{"line":296,"column":9}},"84":{"start":{"line":295,"column":10},"end":{"line":295,"column":69}},"85":{"start":{"line":298,"column":8},"end":{"line":298,"column":25}},"86":{"start":{"line":299,"column":8},"end":{"line":299,"column":26}},"87":{"start":{"line":300,"column":8},"end":{"line":300,"column":68}},"88":{"start":{"line":304,"column":4},"end":{"line":304,"column":25}},"89":{"start":{"line":305,"column":4},"end":{"line":305,"column":64}},"90":{"start":{"line":336,"column":0},"end":{"line":380,"column":3}},"91":{"start":{"line":336,"column":61},"end":{"line":380,"column":2}},"92":{"start":{"line":337,"column":25},"end":{"line":337,"column":33}},"93":{"start":{"line":339,"column":17},"end":{"line":339,"column":63}},"94":{"start":{"line":341,"column":2},"end":{"line":379,"column":3}},"95":{"start":{"line":342,"column":19},"end":{"line":345,"column":6}},"96":{"start":{"line":347,"column":33},"end":{"line":347,"column":52}},"97":{"start":{"line":349,"column":22},"end":{"line":349,"column":51}},"98":{"start":{"line":350,"column":4},"end":{"line":359,"column":5}},"99":{"start":{"line":351,"column":6},"end":{"line":356,"column":9}},"100":{"start":{"line":358,"column":6},"end":{"line":358,"column":24}},"101":{"start":{"line":361,"column":24},"end":{"line":364,"column":null}},"102":{"start":{"line":366,"column":25},"end":{"line":369,"column":null}},"103":{"start":{"line":372,"column":4},"end":{"line":372,"column":35}},"104":{"start":{"line":373,"column":4},"end":{"line":373,"column":22}},"105":{"start":{"line":375,"column":4},"end":{"line":375,"column":62}},"106":{"start":{"line":377,"column":4},"end":{"line":377,"column":25}},"107":{"start":{"line":378,"column":4},"end":{"line":378,"column":70}},"108":{"start":{"line":382,"column":0},"end":{"line":382,"column":22}}},"fnMap":{"0":{"name":"(anonymous_8)","decl":{"start":{"line":14,"column":29},"end":{"line":14,"column":null}},"loc":{"start":{"line":18,"column":4},"end":{"line":20,"column":1}}},"1":{"name":"(anonymous_9)","decl":{"start":{"line":82,"column":25},"end":{"line":82,"column":32}},"loc":{"start":{"line":82,"column":63},"end":{"line":113,"column":2}}},"2":{"name":"(anonymous_10)","decl":{"start":{"line":82,"column":63},"end":{"line":82,"column":null}},"loc":{"start":{"line":82,"column":63},"end":{"line":113,"column":1}}},"3":{"name":"(anonymous_11)","decl":{"start":{"line":149,"column":22},"end":{"line":149,"column":29}},"loc":{"start":{"line":149,"column":60},"end":{"line":186,"column":2}}},"4":{"name":"(anonymous_12)","decl":{"start":{"line":149,"column":60},"end":{"line":149,"column":null}},"loc":{"start":{"line":149,"column":60},"end":{"line":186,"column":1}}},"5":{"name":"(anonymous_13)","decl":{"start":{"line":217,"column":24},"end":{"line":217,"column":31}},"loc":{"start":{"line":217,"column":62},"end":{"line":258,"column":2}}},"6":{"name":"(anonymous_14)","decl":{"start":{"line":217,"column":62},"end":{"line":217,"column":null}},"loc":{"start":{"line":217,"column":62},"end":{"line":258,"column":1}}},"7":{"name":"(anonymous_15)","decl":{"start":{"line":229,"column":6},"end":{"line":229,"column":13}},"loc":{"start":{"line":229,"column":64},"end":{"line":252,"column":null}}},"8":{"name":"(anonymous_16)","decl":{"start":{"line":229,"column":64},"end":{"line":229,"column":null}},"loc":{"start":{"line":229,"column":64},"end":{"line":252,"column":7}}},"9":{"name":"(anonymous_17)","decl":{"start":{"line":276,"column":23},"end":{"line":276,"column":30}},"loc":{"start":{"line":276,"column":61},"end":{"line":307,"column":2}}},"10":{"name":"(anonymous_18)","decl":{"start":{"line":276,"column":61},"end":{"line":276,"column":null}},"loc":{"start":{"line":276,"column":61},"end":{"line":307,"column":1}}},"11":{"name":"(anonymous_19)","decl":{"start":{"line":287,"column":6},"end":{"line":287,"column":13}},"loc":{"start":{"line":287,"column":64},"end":{"line":301,"column":null}}},"12":{"name":"(anonymous_20)","decl":{"start":{"line":287,"column":64},"end":{"line":287,"column":null}},"loc":{"start":{"line":287,"column":64},"end":{"line":301,"column":7}}},"13":{"name":"(anonymous_21)","decl":{"start":{"line":336,"column":23},"end":{"line":336,"column":30}},"loc":{"start":{"line":336,"column":61},"end":{"line":380,"column":2}}},"14":{"name":"(anonymous_22)","decl":{"start":{"line":336,"column":61},"end":{"line":336,"column":null}},"loc":{"start":{"line":336,"column":61},"end":{"line":380,"column":1}}}},"branchMap":{"0":{"loc":{"start":{"line":85,"column":2},"end":{"line":87,"column":3}},"type":"if","locations":[{"start":{"line":85,"column":2},"end":{"line":87,"column":3}}]},"1":{"loc":{"start":{"line":85,"column":6},"end":{"line":85,"column":38}},"type":"binary-expr","locations":[{"start":{"line":85,"column":6},"end":{"line":85,"column":15}},{"start":{"line":85,"column":19},"end":{"line":85,"column":25}},{"start":{"line":85,"column":29},"end":{"line":85,"column":38}}]},"2":{"loc":{"start":{"line":93,"column":2},"end":{"line":95,"column":3}},"type":"if","locations":[{"start":{"line":93,"column":2},"end":{"line":95,"column":3}}]},"3":{"loc":{"start":{"line":152,"column":2},"end":{"line":154,"column":3}},"type":"if","locations":[{"start":{"line":152,"column":2},"end":{"line":154,"column":3}}]},"4":{"loc":{"start":{"line":152,"column":6},"end":{"line":152,"column":25}},"type":"binary-expr","locations":[{"start":{"line":152,"column":6},"end":{"line":152,"column":12}},{"start":{"line":152,"column":16},"end":{"line":152,"column":25}}]},"5":{"loc":{"start":{"line":158,"column":4},"end":{"line":160,"column":5}},"type":"if","locations":[{"start":{"line":158,"column":4},"end":{"line":160,"column":5}}]},"6":{"loc":{"start":{"line":163,"column":4},"end":{"line":165,"column":5}},"type":"if","locations":[{"start":{"line":163,"column":4},"end":{"line":165,"column":5}}]},"7":{"loc":{"start":{"line":220,"column":4},"end":{"line":220,"column":69}},"type":"binary-expr","locations":[{"start":{"line":220,"column":4},"end":{"line":220,"column":25}},{"start":{"line":220,"column":30},"end":{"line":220,"column":40}},{"start":{"line":220,"column":44},"end":{"line":220,"column":68}}]},"8":{"loc":{"start":{"line":221,"column":2},"end":{"line":223,"column":3}},"type":"if","locations":[{"start":{"line":221,"column":2},"end":{"line":223,"column":3}}]},"9":{"loc":{"start":{"line":230,"column":8},"end":{"line":232,"column":9}},"type":"if","locations":[{"start":{"line":230,"column":8},"end":{"line":232,"column":9}}]},"10":{"loc":{"start":{"line":236,"column":8},"end":{"line":238,"column":9}},"type":"if","locations":[{"start":{"line":236,"column":8},"end":{"line":238,"column":9}}]},"11":{"loc":{"start":{"line":240,"column":8},"end":{"line":244,"column":9}},"type":"if","locations":[{"start":{"line":240,"column":8},"end":{"line":244,"column":9}}]},"12":{"loc":{"start":{"line":278,"column":16},"end":{"line":278,"column":54}},"type":"binary-expr","locations":[{"start":{"line":278,"column":16},"end":{"line":278,"column":26}},{"start":{"line":278,"column":30},"end":{"line":278,"column":54}}]},"13":{"loc":{"start":{"line":279,"column":2},"end":{"line":281,"column":3}},"type":"if","locations":[{"start":{"line":279,"column":2},"end":{"line":281,"column":3}}]},"14":{"loc":{"start":{"line":288,"column":8},"end":{"line":290,"column":9}},"type":"if","locations":[{"start":{"line":288,"column":8},"end":{"line":290,"column":9}}]},"15":{"loc":{"start":{"line":294,"column":8},"end":{"line":296,"column":9}},"type":"if","locations":[{"start":{"line":294,"column":8},"end":{"line":296,"column":9}}]},"16":{"loc":{"start":{"line":350,"column":4},"end":{"line":359,"column":5}},"type":"if","locations":[{"start":{"line":350,"column":4},"end":{"line":359,"column":5}}]}},"s":{"0":4,"1":4,"2":4,"3":4,"4":4,"5":4,"6":4,"7":4,"8":4,"9":4,"10":66,"11":4,"12":4,"13":5,"14":5,"15":5,"16":0,"17":5,"18":5,"19":0,"20":5,"21":5,"22":5,"23":5,"24":5,"25":5,"26":0,"27":0,"28":4,"29":22,"30":22,"31":22,"32":1,"33":21,"34":21,"35":21,"36":1,"37":20,"38":20,"39":1,"40":19,"41":19,"42":19,"43":19,"44":19,"45":0,"46":0,"47":4,"48":3,"49":3,"50":3,"51":3,"52":1,"53":2,"54":2,"55":2,"56":2,"57":1,"58":1,"59":1,"60":1,"61":0,"62":1,"63":0,"64":0,"65":0,"66":1,"67":1,"68":0,"69":0,"70":4,"71":1,"72":1,"73":1,"74":1,"75":0,"76":1,"77":1,"78":1,"79":1,"80":0,"81":1,"82":1,"83":1,"84":0,"85":1,"86":1,"87":1,"88":0,"89":0,"90":4,"91":0,"92":0,"93":0,"94":0,"95":0,"96":0,"97":0,"98":0,"99":0,"100":0,"101":0,"102":0,"103":0,"104":0,"105":0,"106":0,"107":0,"108":4},"f":{"0":66,"1":5,"2":5,"3":22,"4":22,"5":3,"6":3,"7":2,"8":2,"9":1,"10":1,"11":1,"12":1,"13":0,"14":0},"b":{"0":[0],"1":[5,5,5],"2":[0],"3":[1],"4":[22,21],"5":[1],"6":[1],"7":[3,3,2],"8":[1],"9":[1],"10":[0],"11":[0],"12":[1,1],"13":[0],"14":[0],"15":[0],"16":[0]}}
,"D:\\Program\\COLLEGE\\InternetApps\\brook\\server\\src\\controllers\\comment.controller.ts": {"path":"D:\\Program\\COLLEGE\\InternetApps\\brook\\server\\src\\controllers\\comment.controller.ts","statementMap":{"0":{"start":{"line":1,"column":0},"end":{"line":1,"column":30}},"1":{"start":{"line":2,"column":0},"end":{"line":2,"column":32}},"2":{"start":{"line":3,"column":0},"end":{"line":3,"column":78}},"3":{"start":{"line":5,"column":15},"end":{"line":5,"column":31}},"4":{"start":{"line":7,"column":16},"end":{"line":7,"column":56}},"5":{"start":{"line":66,"column":0},"end":{"line":85,"column":3}},"6":{"start":{"line":66,"column":36},"end":{"line":85,"column":2}},"7":{"start":{"line":67,"column":2},"end":{"line":71,"column":3}},"8":{"start":{"line":68,"column":4},"end":{"line":70,"column":66}},"9":{"start":{"line":73,"column":2},"end":{"line":84,"column":3}},"10":{"start":{"line":74,"column":20},"end":{"line":76,"column":null}},"11":{"start":{"line":79,"column":4},"end":{"line":79,"column":25}},"12":{"start":{"line":81,"column":4},"end":{"line":81,"column":34}},"13":{"start":{"line":83,"column":4},"end":{"line":83,"column":51}},"14":{"start":{"line":120,"column":0},"end":{"line":143,"column":3}},"15":{"start":{"line":120,"column":38},"end":{"line":143,"column":2}},"16":{"start":{"line":121,"column":17},"end":{"line":121,"column":27}},"17":{"start":{"line":122,"column":30},"end":{"line":122,"column":38}},"18":{"start":{"line":124,"column":2},"end":{"line":126,"column":3}},"19":{"start":{"line":125,"column":4},"end":{"line":125,"column":66}},"20":{"start":{"line":128,"column":2},"end":{"line":142,"column":3}},"21":{"start":{"line":129,"column":27},"end":{"line":132,"column":null}},"22":{"start":{"line":135,"column":4},"end":{"line":137,"column":5}},"23":{"start":{"line":136,"column":6},"end":{"line":136,"column":66}},"24":{"start":{"line":139,"column":4},"end":{"line":139,"column":41}},"25":{"start":{"line":141,"column":4},"end":{"line":141,"column":51}},"26":{"start":{"line":173,"column":0},"end":{"line":187,"column":3}},"27":{"start":{"line":173,"column":41},"end":{"line":187,"column":2}},"28":{"start":{"line":174,"column":17},"end":{"line":174,"column":27}},"29":{"start":{"line":176,"column":2},"end":{"line":186,"column":3}},"30":{"start":{"line":177,"column":27},"end":{"line":177,"column":62}},"31":{"start":{"line":179,"column":4},"end":{"line":181,"column":5}},"32":{"start":{"line":180,"column":6},"end":{"line":180,"column":66}},"33":{"start":{"line":183,"column":4},"end":{"line":183,"column":38}},"34":{"start":{"line":185,"column":4},"end":{"line":185,"column":51}},"35":{"start":{"line":207,"column":0},"end":{"line":214,"column":3}},"36":{"start":{"line":207,"column":35},"end":{"line":214,"column":2}},"37":{"start":{"line":208,"column":2},"end":{"line":213,"column":3}},"38":{"start":{"line":209,"column":21},"end":{"line":209,"column":41}},"39":{"start":{"line":210,"column":4},"end":{"line":210,"column":35}},"40":{"start":{"line":212,"column":4},"end":{"line":212,"column":51}},"41":{"start":{"line":241,"column":0},"end":{"line":263,"column":3}},"42":{"start":{"line":241,"column":42},"end":{"line":263,"column":2}},"43":{"start":{"line":242,"column":21},"end":{"line":242,"column":31}},"44":{"start":{"line":243,"column":2},"end":{"line":262,"column":3}},"45":{"start":{"line":244,"column":21},"end":{"line":246,"column":null}},"46":{"start":{"line":249,"column":46},"end":{"line":258,"column":6}},"47":{"start":{"line":250,"column":19},"end":{"line":250,"column":53}},"48":{"start":{"line":252,"column":6},"end":{"line":257,"column":8}},"49":{"start":{"line":259,"column":4},"end":{"line":259,"column":38}},"50":{"start":{"line":261,"column":4},"end":{"line":261,"column":51}},"51":{"start":{"line":265,"column":0},"end":{"line":265,"column":22}}},"fnMap":{"0":{"name":"(anonymous_8)","decl":{"start":{"line":66,"column":17},"end":{"line":66,"column":24}},"loc":{"start":{"line":66,"column":36},"end":{"line":85,"column":2}}},"1":{"name":"(anonymous_9)","decl":{"start":{"line":66,"column":36},"end":{"line":66,"column":null}},"loc":{"start":{"line":66,"column":36},"end":{"line":85,"column":1}}},"2":{"name":"(anonymous_10)","decl":{"start":{"line":120,"column":19},"end":{"line":120,"column":26}},"loc":{"start":{"line":120,"column":38},"end":{"line":143,"column":2}}},"3":{"name":"(anonymous_11)","decl":{"start":{"line":120,"column":38},"end":{"line":120,"column":null}},"loc":{"start":{"line":120,"column":38},"end":{"line":143,"column":1}}},"4":{"name":"(anonymous_12)","decl":{"start":{"line":173,"column":22},"end":{"line":173,"column":29}},"loc":{"start":{"line":173,"column":41},"end":{"line":187,"column":2}}},"5":{"name":"(anonymous_13)","decl":{"start":{"line":173,"column":41},"end":{"line":173,"column":null}},"loc":{"start":{"line":173,"column":41},"end":{"line":187,"column":1}}},"6":{"name":"(anonymous_14)","decl":{"start":{"line":207,"column":16},"end":{"line":207,"column":23}},"loc":{"start":{"line":207,"column":35},"end":{"line":214,"column":2}}},"7":{"name":"(anonymous_15)","decl":{"start":{"line":207,"column":35},"end":{"line":207,"column":null}},"loc":{"start":{"line":207,"column":35},"end":{"line":214,"column":1}}},"8":{"name":"(anonymous_16)","decl":{"start":{"line":241,"column":23},"end":{"line":241,"column":30}},"loc":{"start":{"line":241,"column":42},"end":{"line":263,"column":2}}},"9":{"name":"(anonymous_17)","decl":{"start":{"line":241,"column":42},"end":{"line":241,"column":null}},"loc":{"start":{"line":241,"column":42},"end":{"line":263,"column":1}}},"10":{"name":"(anonymous_18)","decl":{"start":{"line":249,"column":59},"end":{"line":249,"column":60}},"loc":{"start":{"line":249,"column":71},"end":{"line":258,"column":5}}}},"branchMap":{"0":{"loc":{"start":{"line":67,"column":2},"end":{"line":71,"column":3}},"type":"if","locations":[{"start":{"line":67,"column":2},"end":{"line":71,"column":3}}]},"1":{"loc":{"start":{"line":67,"column":6},"end":{"line":67,"column":63}},"type":"binary-expr","locations":[{"start":{"line":67,"column":6},"end":{"line":67,"column":22}},{"start":{"line":67,"column":26},"end":{"line":67,"column":43}},{"start":{"line":67,"column":47},"end":{"line":67,"column":63}}]},"2":{"loc":{"start":{"line":124,"column":2},"end":{"line":126,"column":3}},"type":"if","locations":[{"start":{"line":124,"column":2},"end":{"line":126,"column":3}}]},"3":{"loc":{"start":{"line":135,"column":4},"end":{"line":137,"column":5}},"type":"if","locations":[{"start":{"line":135,"column":4},"end":{"line":137,"column":5}}]},"4":{"loc":{"start":{"line":179,"column":4},"end":{"line":181,"column":5}},"type":"if","locations":[{"start":{"line":179,"column":4},"end":{"line":181,"column":5}}]}},"s":{"0":4,"1":4,"2":4,"3":4,"4":4,"5":4,"6":4,"7":4,"8":3,"9":1,"10":1,"11":1,"12":1,"13":0,"14":4,"15":1,"16":1,"17":1,"18":1,"19":0,"20":1,"21":1,"22":1,"23":0,"24":1,"25":0,"26":4,"27":1,"28":1,"29":1,"30":1,"31":1,"32":0,"33":1,"34":0,"35":4,"36":3,"37":3,"38":3,"39":3,"40":0,"41":4,"42":1,"43":1,"44":1,"45":1,"46":1,"47":0,"48":0,"49":1,"50":0,"51":4},"f":{"0":4,"1":4,"2":1,"3":1,"4":1,"5":1,"6":3,"7":3,"8":1,"9":1,"10":0},"b":{"0":[3],"1":[4,1,1],"2":[0],"3":[0],"4":[0]}}
,"D:\\Program\\COLLEGE\\InternetApps\\brook\\server\\src\\controllers\\post.controller.ts": {"path":"D:\\Program\\COLLEGE\\InternetApps\\brook\\server\\src\\controllers\\post.controller.ts","statementMap":{"0":{"start":{"line":1,"column":0},"end":{"line":1,"column":30}},"1":{"start":{"line":2,"column":0},"end":{"line":2,"column":32}},"2":{"start":{"line":3,"column":0},"end":{"line":3,"column":73}},"3":{"start":{"line":4,"column":0},"end":{"line":4,"column":58}},"4":{"start":{"line":5,"column":0},"end":{"line":5,"column":42}},"5":{"start":{"line":6,"column":15},"end":{"line":6,"column":31}},"6":{"start":{"line":8,"column":13},"end":{"line":8,"column":47}},"7":{"start":{"line":9,"column":16},"end":{"line":9,"column":56}},"8":{"start":{"line":79,"column":0},"end":{"line":122,"column":3}},"9":{"start":{"line":79,"column":39},"end":{"line":122,"column":2}},"10":{"start":{"line":80,"column":15},"end":{"line":80,"column":54}},"11":{"start":{"line":81,"column":16},"end":{"line":81,"column":18}},"12":{"start":{"line":83,"column":2},"end":{"line":121,"column":3}},"13":{"start":{"line":84,"column":23},"end":{"line":84,"column":52}},"14":{"start":{"line":85,"column":23},"end":{"line":85,"column":52}},"15":{"start":{"line":86,"column":18},"end":{"line":89,"column":13}},"16":{"start":{"line":92,"column":20},"end":{"line":92,"column":49}},"17":{"start":{"line":92,"column":40},"end":{"line":92,"column":48}},"18":{"start":{"line":97,"column":10},"end":{"line":100,"column":6}},"19":{"start":{"line":102,"column":44},"end":{"line":116,"column":6}},"20":{"start":{"line":104,"column":8},"end":{"line":105,"column":22}},"21":{"start":{"line":104,"column":35},"end":{"line":104,"column":75}},"22":{"start":{"line":107,"column":6},"end":{"line":115,"column":8}},"23":{"start":{"line":118,"column":4},"end":{"line":118,"column":65}},"24":{"start":{"line":120,"column":4},"end":{"line":120,"column":51}},"25":{"start":{"line":149,"column":0},"end":{"line":163,"column":3}},"26":{"start":{"line":149,"column":38},"end":{"line":163,"column":2}},"27":{"start":{"line":150,"column":17},"end":{"line":150,"column":27}},"28":{"start":{"line":151,"column":2},"end":{"line":162,"column":3}},"29":{"start":{"line":152,"column":4},"end":{"line":154,"column":5}},"30":{"start":{"line":153,"column":6},"end":{"line":153,"column":63}},"31":{"start":{"line":155,"column":24},"end":{"line":155,"column":47}},"32":{"start":{"line":156,"column":4},"end":{"line":158,"column":5}},"33":{"start":{"line":157,"column":6},"end":{"line":157,"column":63}},"34":{"start":{"line":159,"column":4},"end":{"line":159,"column":31}},"35":{"start":{"line":161,"column":4},"end":{"line":161,"column":51}},"36":{"start":{"line":190,"column":0},"end":{"line":207,"column":3}},"37":{"start":{"line":190,"column":47},"end":{"line":207,"column":2}},"38":{"start":{"line":191,"column":17},"end":{"line":191,"column":34}},"39":{"start":{"line":192,"column":15},"end":{"line":192,"column":54}},"40":{"start":{"line":193,"column":16},"end":{"line":193,"column":18}},"41":{"start":{"line":195,"column":2},"end":{"line":206,"column":3}},"42":{"start":{"line":196,"column":23},"end":{"line":196,"column":60}},"43":{"start":{"line":197,"column":23},"end":{"line":197,"column":52}},"44":{"start":{"line":199,"column":18},"end":{"line":201,"column":19}},"45":{"start":{"line":203,"column":4},"end":{"line":203,"column":48}},"46":{"start":{"line":205,"column":4},"end":{"line":205,"column":51}},"47":{"start":{"line":254,"column":0},"end":{"line":282,"column":3}},"48":{"start":{"line":254,"column":66},"end":{"line":282,"column":2}},"49":{"start":{"line":255,"column":2},"end":{"line":257,"column":3}},"50":{"start":{"line":256,"column":4},"end":{"line":256,"column":61}},"51":{"start":{"line":259,"column":2},"end":{"line":281,"column":3}},"52":{"start":{"line":260,"column":21},"end":{"line":262,"column":25}},"53":{"start":{"line":264,"column":4},"end":{"line":264,"column":38}},"54":{"start":{"line":266,"column":31},"end":{"line":271,"column":null}},"55":{"start":{"line":273,"column":4},"end":{"line":274,"column":65}},"56":{"start":{"line":274,"column":6},"end":{"line":274,"column":65}},"57":{"start":{"line":276,"column":4},"end":{"line":276,"column":38}},"58":{"start":{"line":278,"column":4},"end":{"line":280,"column":68}},"59":{"start":{"line":319,"column":0},"end":{"line":338,"column":3}},"60":{"start":{"line":319,"column":64},"end":{"line":338,"column":2}},"61":{"start":{"line":320,"column":2},"end":{"line":337,"column":3}},"62":{"start":{"line":321,"column":21},"end":{"line":323,"column":25}},"63":{"start":{"line":325,"column":20},"end":{"line":329,"column":null}},"64":{"start":{"line":331,"column":22},"end":{"line":331,"column":42}},"65":{"start":{"line":332,"column":4},"end":{"line":332,"column":36}},"66":{"start":{"line":334,"column":4},"end":{"line":336,"column":68}},"67":{"start":{"line":359,"column":0},"end":{"line":373,"column":3}},"68":{"start":{"line":359,"column":41},"end":{"line":373,"column":2}},"69":{"start":{"line":360,"column":17},"end":{"line":360,"column":27}},"70":{"start":{"line":361,"column":2},"end":{"line":372,"column":3}},"71":{"start":{"line":362,"column":4},"end":{"line":364,"column":5}},"72":{"start":{"line":363,"column":6},"end":{"line":363,"column":63}},"73":{"start":{"line":365,"column":24},"end":{"line":365,"column":56}},"74":{"start":{"line":366,"column":4},"end":{"line":368,"column":5}},"75":{"start":{"line":367,"column":6},"end":{"line":367,"column":63}},"76":{"start":{"line":369,"column":4},"end":{"line":369,"column":26}},"77":{"start":{"line":371,"column":4},"end":{"line":371,"column":51}},"78":{"start":{"line":396,"column":0},"end":{"line":427,"column":3}},"79":{"start":{"line":396,"column":44},"end":{"line":427,"column":2}},"80":{"start":{"line":397,"column":17},"end":{"line":397,"column":27}},"81":{"start":{"line":398,"column":17},"end":{"line":398,"column":32}},"82":{"start":{"line":400,"column":2},"end":{"line":426,"column":3}},"83":{"start":{"line":401,"column":4},"end":{"line":403,"column":5}},"84":{"start":{"line":402,"column":6},"end":{"line":402,"column":63}},"85":{"start":{"line":405,"column":24},"end":{"line":405,"column":47}},"86":{"start":{"line":406,"column":4},"end":{"line":408,"column":5}},"87":{"start":{"line":407,"column":6},"end":{"line":407,"column":63}},"88":{"start":{"line":410,"column":4},"end":{"line":412,"column":5}},"89":{"start":{"line":411,"column":6},"end":{"line":411,"column":78}},"90":{"start":{"line":414,"column":4},"end":{"line":418,"column":5}},"91":{"start":{"line":415,"column":6},"end":{"line":415,"column":68}},"92":{"start":{"line":415,"column":53},"end":{"line":415,"column":66}},"93":{"start":{"line":416,"column":6},"end":{"line":416,"column":24}},"94":{"start":{"line":417,"column":6},"end":{"line":417,"column":76}},"95":{"start":{"line":420,"column":4},"end":{"line":420,"column":28}},"96":{"start":{"line":421,"column":4},"end":{"line":421,"column":22}},"97":{"start":{"line":423,"column":4},"end":{"line":423,"column":65}},"98":{"start":{"line":425,"column":4},"end":{"line":425,"column":51}},"99":{"start":{"line":429,"column":0},"end":{"line":429,"column":22}}},"fnMap":{"0":{"name":"(anonymous_8)","decl":{"start":{"line":79,"column":20},"end":{"line":79,"column":27}},"loc":{"start":{"line":79,"column":39},"end":{"line":122,"column":2}}},"1":{"name":"(anonymous_9)","decl":{"start":{"line":79,"column":39},"end":{"line":79,"column":null}},"loc":{"start":{"line":79,"column":39},"end":{"line":122,"column":1}}},"2":{"name":"(anonymous_10)","decl":{"start":{"line":92,"column":30},"end":{"line":92,"column":31}},"loc":{"start":{"line":92,"column":40},"end":{"line":92,"column":48}}},"3":{"name":"(anonymous_11)","decl":{"start":{"line":102,"column":54},"end":{"line":102,"column":55}},"loc":{"start":{"line":102,"column":63},"end":{"line":116,"column":5}}},"4":{"name":"(anonymous_12)","decl":{"start":{"line":104,"column":28},"end":{"line":104,"column":29}},"loc":{"start":{"line":104,"column":35},"end":{"line":104,"column":75}}},"5":{"name":"(anonymous_13)","decl":{"start":{"line":149,"column":19},"end":{"line":149,"column":26}},"loc":{"start":{"line":149,"column":38},"end":{"line":163,"column":2}}},"6":{"name":"(anonymous_14)","decl":{"start":{"line":149,"column":38},"end":{"line":149,"column":null}},"loc":{"start":{"line":149,"column":38},"end":{"line":163,"column":1}}},"7":{"name":"(anonymous_15)","decl":{"start":{"line":190,"column":28},"end":{"line":190,"column":35}},"loc":{"start":{"line":190,"column":47},"end":{"line":207,"column":2}}},"8":{"name":"(anonymous_16)","decl":{"start":{"line":190,"column":47},"end":{"line":190,"column":null}},"loc":{"start":{"line":190,"column":47},"end":{"line":207,"column":1}}},"9":{"name":"(anonymous_17)","decl":{"start":{"line":254,"column":47},"end":{"line":254,"column":54}},"loc":{"start":{"line":254,"column":66},"end":{"line":282,"column":2}}},"10":{"name":"(anonymous_18)","decl":{"start":{"line":254,"column":66},"end":{"line":254,"column":null}},"loc":{"start":{"line":254,"column":66},"end":{"line":282,"column":1}}},"11":{"name":"(anonymous_19)","decl":{"start":{"line":319,"column":45},"end":{"line":319,"column":52}},"loc":{"start":{"line":319,"column":64},"end":{"line":338,"column":2}}},"12":{"name":"(anonymous_20)","decl":{"start":{"line":319,"column":64},"end":{"line":319,"column":null}},"loc":{"start":{"line":319,"column":64},"end":{"line":338,"column":1}}},"13":{"name":"(anonymous_21)","decl":{"start":{"line":359,"column":22},"end":{"line":359,"column":29}},"loc":{"start":{"line":359,"column":41},"end":{"line":373,"column":2}}},"14":{"name":"(anonymous_22)","decl":{"start":{"line":359,"column":41},"end":{"line":359,"column":null}},"loc":{"start":{"line":359,"column":41},"end":{"line":373,"column":1}}},"15":{"name":"(anonymous_23)","decl":{"start":{"line":396,"column":25},"end":{"line":396,"column":32}},"loc":{"start":{"line":396,"column":44},"end":{"line":427,"column":2}}},"16":{"name":"(anonymous_24)","decl":{"start":{"line":396,"column":44},"end":{"line":396,"column":null}},"loc":{"start":{"line":396,"column":44},"end":{"line":427,"column":1}}},"17":{"name":"(anonymous_25)","decl":{"start":{"line":415,"column":37},"end":{"line":415,"column":38}},"loc":{"start":{"line":415,"column":53},"end":{"line":415,"column":66}}}},"branchMap":{"0":{"loc":{"start":{"line":80,"column":15},"end":{"line":80,"column":54}},"type":"binary-expr","locations":[{"start":{"line":80,"column":15},"end":{"line":80,"column":49}},{"start":{"line":80,"column":53},"end":{"line":80,"column":54}}]},"1":{"loc":{"start":{"line":104,"column":8},"end":{"line":105,"column":22}},"type":"binary-expr","locations":[{"start":{"line":104,"column":8},"end":{"line":105,"column":17}},{"start":{"line":105,"column":21},"end":{"line":105,"column":22}}]},"2":{"loc":{"start":{"line":104,"column":8},"end":{"line":105,"column":17}},"type":"cond-expr","locations":[{"start":{"line":104,"column":76},"end":{"line":104,"column":null}},{"start":{"line":104,"column":76},"end":{"line":105,"column":17}}]},"3":{"loc":{"start":{"line":104,"column":8},"end":{"line":104,"column":null}},"type":"binary-expr","locations":[{"start":{"line":104,"column":8},"end":{"line":104,"column":null}},{"start":{"line":104,"column":76},"end":{"line":104,"column":null}}]},"4":{"loc":{"start":{"line":112,"column":17},"end":{"line":112,"column":35}},"type":"binary-expr","locations":[{"start":{"line":112,"column":17},"end":{"line":112,"column":29}},{"start":{"line":112,"column":33},"end":{"line":112,"column":35}}]},"5":{"loc":{"start":{"line":152,"column":4},"end":{"line":154,"column":5}},"type":"if","locations":[{"start":{"line":152,"column":4},"end":{"line":154,"column":5}}]},"6":{"loc":{"start":{"line":156,"column":4},"end":{"line":158,"column":5}},"type":"if","locations":[{"start":{"line":156,"column":4},"end":{"line":158,"column":5}}]},"7":{"loc":{"start":{"line":192,"column":15},"end":{"line":192,"column":54}},"type":"binary-expr","locations":[{"start":{"line":192,"column":15},"end":{"line":192,"column":49}},{"start":{"line":192,"column":53},"end":{"line":192,"column":54}}]},"8":{"loc":{"start":{"line":255,"column":2},"end":{"line":257,"column":3}},"type":"if","locations":[{"start":{"line":255,"column":2},"end":{"line":257,"column":3}}]},"9":{"loc":{"start":{"line":260,"column":21},"end":{"line":262,"column":25}},"type":"cond-expr","locations":[{"start":{"line":261,"column":8},"end":{"line":261,"column":37}},{"start":{"line":262,"column":8},"end":{"line":262,"column":25}}]},"10":{"loc":{"start":{"line":273,"column":4},"end":{"line":274,"column":65}},"type":"if","locations":[{"start":{"line":273,"column":4},"end":{"line":274,"column":65}}]},"11":{"loc":{"start":{"line":321,"column":21},"end":{"line":323,"column":25}},"type":"cond-expr","locations":[{"start":{"line":322,"column":8},"end":{"line":322,"column":37}},{"start":{"line":323,"column":8},"end":{"line":323,"column":25}}]},"12":{"loc":{"start":{"line":362,"column":4},"end":{"line":364,"column":5}},"type":"if","locations":[{"start":{"line":362,"column":4},"end":{"line":364,"column":5}}]},"13":{"loc":{"start":{"line":366,"column":4},"end":{"line":368,"column":5}},"type":"if","locations":[{"start":{"line":366,"column":4},"end":{"line":368,"column":5}}]},"14":{"loc":{"start":{"line":401,"column":4},"end":{"line":403,"column":5}},"type":"if","locations":[{"start":{"line":401,"column":4},"end":{"line":403,"column":5}}]},"15":{"loc":{"start":{"line":406,"column":4},"end":{"line":408,"column":5}},"type":"if","locations":[{"start":{"line":406,"column":4},"end":{"line":408,"column":5}}]},"16":{"loc":{"start":{"line":410,"column":4},"end":{"line":412,"column":5}},"type":"if","locations":[{"start":{"line":410,"column":4},"end":{"line":412,"column":5}}]},"17":{"loc":{"start":{"line":414,"column":4},"end":{"line":418,"column":5}},"type":"if","locations":[{"start":{"line":414,"column":4},"end":{"line":418,"column":5}}]}},"s":{"0":4,"1":4,"2":4,"3":4,"4":4,"5":4,"6":4,"7":4,"8":4,"9":4,"10":4,"11":4,"12":4,"13":4,"14":4,"15":4,"16":4,"17":40,"18":4,"19":4,"20":40,"21":0,"22":40,"23":4,"24":0,"25":4,"26":2,"27":2,"28":2,"29":2,"30":1,"31":1,"32":1,"33":0,"34":1,"35":0,"36":4,"37":3,"38":3,"39":3,"40":3,"41":3,"42":3,"43":3,"44":3,"45":3,"46":0,"47":4,"48":1,"49":1,"50":0,"51":1,"52":1,"53":1,"54":1,"55":1,"56":0,"57":1,"58":0,"59":4,"60":6,"61":6,"62":6,"63":6,"64":6,"65":6,"66":0,"67":4,"68":0,"69":0,"70":0,"71":0,"72":0,"73":0,"74":0,"75":0,"76":0,"77":0,"78":4,"79":3,"80":3,"81":3,"82":3,"83":3,"84":1,"85":2,"86":2,"87":0,"88":2,"89":1,"90":1,"91":0,"92":0,"93":0,"94":0,"95":1,"96":1,"97":1,"98":0,"99":4},"f":{"0":4,"1":4,"2":40,"3":40,"4":0,"5":2,"6":2,"7":3,"8":3,"9":1,"10":1,"11":6,"12":6,"13":0,"14":0,"15":3,"16":3,"17":0},"b":{"0":[4,4],"1":[40,40],"2":[40,0],"3":[40,40],"4":[40,0],"5":[1],"6":[0],"7":[3,3],"8":[0],"9":[0,1],"10":[0],"11":[1,5],"12":[0],"13":[0],"14":[1],"15":[0],"16":[1],"17":[0]}}
,"D:\\Program\\COLLEGE\\InternetApps\\brook\\server\\src\\controllers\\user.controller.ts": {"path":"D:\\Program\\COLLEGE\\InternetApps\\brook\\server\\src\\controllers\\user.controller.ts","statementMap":{"0":{"start":{"line":1,"column":0},"end":{"line":1,"column":53}},"1":{"start":{"line":2,"column":0},"end":{"line":2,"column":49}},"2":{"start":{"line":3,"column":0},"end":{"line":3,"column":59}},"3":{"start":{"line":4,"column":0},"end":{"line":4,"column":28}},"4":{"start":{"line":5,"column":0},"end":{"line":5,"column":42}},"5":{"start":{"line":7,"column":15},"end":{"line":7,"column":31}},"6":{"start":{"line":8,"column":13},"end":{"line":8,"column":47}},"7":{"start":{"line":49,"column":0},"end":{"line":56,"column":3}},"8":{"start":{"line":49,"column":54},"end":{"line":56,"column":2}},"9":{"start":{"line":50,"column":2},"end":{"line":55,"column":3}},"10":{"start":{"line":51,"column":18},"end":{"line":51,"column":35}},"11":{"start":{"line":52,"column":4},"end":{"line":52,"column":32}},"12":{"start":{"line":54,"column":4},"end":{"line":54,"column":69}},"13":{"start":{"line":83,"column":0},"end":{"line":93,"column":3}},"14":{"start":{"line":83,"column":57},"end":{"line":93,"column":2}},"15":{"start":{"line":84,"column":2},"end":{"line":92,"column":3}},"16":{"start":{"line":85,"column":17},"end":{"line":85,"column":51}},"17":{"start":{"line":87,"column":4},"end":{"line":87,"column":74}},"18":{"start":{"line":87,"column":15},"end":{"line":87,"column":74}},"19":{"start":{"line":89,"column":4},"end":{"line":89,"column":80}},"20":{"start":{"line":91,"column":4},"end":{"line":91,"column":68}},"21":{"start":{"line":132,"column":0},"end":{"line":158,"column":2}},"22":{"start":{"line":135,"column":40},"end":{"line":157,"column":null}},"23":{"start":{"line":136,"column":4},"end":{"line":156,"column":5}},"24":{"start":{"line":137,"column":21},"end":{"line":137,"column":34}},"25":{"start":{"line":139,"column":27},"end":{"line":139,"column":35}},"26":{"start":{"line":140,"column":33},"end":{"line":142,"column":19}},"27":{"start":{"line":144,"column":45},"end":{"line":144,"column":47}},"28":{"start":{"line":145,"column":6},"end":{"line":145,"column":51}},"29":{"start":{"line":145,"column":20},"end":{"line":145,"column":51}},"30":{"start":{"line":146,"column":6},"end":{"line":146,"column":77}},"31":{"start":{"line":146,"column":30},"end":{"line":146,"column":77}},"32":{"start":{"line":148,"column":26},"end":{"line":150,"column":8}},"33":{"start":{"line":152,"column":6},"end":{"line":152,"column":76}},"34":{"start":{"line":152,"column":17},"end":{"line":152,"column":76}},"35":{"start":{"line":153,"column":6},"end":{"line":153,"column":33}},"36":{"start":{"line":155,"column":6},"end":{"line":155,"column":70}},"37":{"start":{"line":190,"column":0},"end":{"line":202,"column":3}},"38":{"start":{"line":190,"column":60},"end":{"line":202,"column":2}},"39":{"start":{"line":191,"column":2},"end":{"line":201,"column":3}},"40":{"start":{"line":192,"column":24},"end":{"line":192,"column":67}},"41":{"start":{"line":194,"column":4},"end":{"line":194,"column":74}},"42":{"start":{"line":194,"column":15},"end":{"line":194,"column":74}},"43":{"start":{"line":196,"column":4},"end":{"line":198,"column":79}},"44":{"start":{"line":200,"column":4},"end":{"line":200,"column":68}},"45":{"start":{"line":204,"column":0},"end":{"line":204,"column":22}}},"fnMap":{"0":{"name":"(anonymous_17)","decl":{"start":{"line":49,"column":16},"end":{"line":49,"column":23}},"loc":{"start":{"line":49,"column":54},"end":{"line":56,"column":2}}},"1":{"name":"(anonymous_18)","decl":{"start":{"line":49,"column":54},"end":{"line":49,"column":null}},"loc":{"start":{"line":49,"column":54},"end":{"line":56,"column":1}}},"2":{"name":"(anonymous_19)","decl":{"start":{"line":83,"column":19},"end":{"line":83,"column":26}},"loc":{"start":{"line":83,"column":57},"end":{"line":93,"column":2}}},"3":{"name":"(anonymous_20)","decl":{"start":{"line":83,"column":57},"end":{"line":83,"column":null}},"loc":{"start":{"line":83,"column":57},"end":{"line":93,"column":1}}},"4":{"name":"(anonymous_21)","decl":{"start":{"line":135,"column":2},"end":{"line":135,"column":9}},"loc":{"start":{"line":135,"column":40},"end":{"line":157,"column":null}}},"5":{"name":"(anonymous_22)","decl":{"start":{"line":135,"column":40},"end":{"line":135,"column":null}},"loc":{"start":{"line":135,"column":40},"end":{"line":157,"column":3}}},"6":{"name":"(anonymous_23)","decl":{"start":{"line":190,"column":22},"end":{"line":190,"column":29}},"loc":{"start":{"line":190,"column":60},"end":{"line":202,"column":2}}},"7":{"name":"(anonymous_24)","decl":{"start":{"line":190,"column":60},"end":{"line":190,"column":null}},"loc":{"start":{"line":190,"column":60},"end":{"line":202,"column":1}}}},"branchMap":{"0":{"loc":{"start":{"line":87,"column":4},"end":{"line":87,"column":74}},"type":"if","locations":[{"start":{"line":87,"column":4},"end":{"line":87,"column":74}}]},"1":{"loc":{"start":{"line":140,"column":33},"end":{"line":142,"column":19}},"type":"cond-expr","locations":[{"start":{"line":141,"column":10},"end":{"line":141,"column":39}},{"start":{"line":142,"column":10},"end":{"line":142,"column":19}}]},"2":{"loc":{"start":{"line":145,"column":6},"end":{"line":145,"column":51}},"type":"if","locations":[{"start":{"line":145,"column":6},"end":{"line":145,"column":51}}]},"3":{"loc":{"start":{"line":146,"column":6},"end":{"line":146,"column":77}},"type":"if","locations":[{"start":{"line":146,"column":6},"end":{"line":146,"column":77}}]},"4":{"loc":{"start":{"line":152,"column":6},"end":{"line":152,"column":76}},"type":"if","locations":[{"start":{"line":152,"column":6},"end":{"line":152,"column":76}}]},"5":{"loc":{"start":{"line":194,"column":4},"end":{"line":194,"column":74}},"type":"if","locations":[{"start":{"line":194,"column":4},"end":{"line":194,"column":74}}]}},"s":{"0":4,"1":4,"2":4,"3":4,"4":4,"5":4,"6":4,"7":4,"8":1,"9":1,"10":1,"11":1,"12":0,"13":4,"14":2,"15":2,"16":2,"17":2,"18":1,"19":1,"20":0,"21":4,"22":2,"23":2,"24":2,"25":2,"26":2,"27":2,"28":2,"29":2,"30":2,"31":1,"32":2,"33":2,"34":0,"35":2,"36":0,"37":4,"38":2,"39":2,"40":2,"41":2,"42":1,"43":1,"44":0,"45":4},"f":{"0":1,"1":1,"2":2,"3":2,"4":2,"5":2,"6":2,"7":2},"b":{"0":[1],"1":[1,1],"2":[2],"3":[1],"4":[0],"5":[1]}}
,"D:\\Program\\COLLEGE\\InternetApps\\brook\\server\\src\\middlewares\\auth.middleware.ts": {"path":"D:\\Program\\COLLEGE\\InternetApps\\brook\\server\\src\\middlewares\\auth.middleware.ts","statementMap":{"0":{"start":{"line":2,"column":0},"end":{"line":2,"column":31}},"1":{"start":{"line":4,"column":21},"end":{"line":28,"column":1}},"2":{"start":{"line":5,"column":2},"end":{"line":7,"column":3}},"3":{"start":{"line":6,"column":4},"end":{"line":6,"column":18}},"4":{"start":{"line":9,"column":41},"end":{"line":9,"column":69}},"5":{"start":{"line":10,"column":36},"end":{"line":10,"column":61}},"6":{"start":{"line":12,"column":2},"end":{"line":14,"column":3}},"7":{"start":{"line":13,"column":4},"end":{"line":13,"column":62}},"8":{"start":{"line":16,"column":2},"end":{"line":27,"column":5}},"9":{"start":{"line":17,"column":4},"end":{"line":23,"column":5}},"10":{"start":{"line":18,"column":6},"end":{"line":18,"column":54}},"11":{"start":{"line":19,"column":6},"end":{"line":19,"column":32}},"12":{"start":{"line":20,"column":6},"end":{"line":20,"column":34}},"13":{"start":{"line":22,"column":6},"end":{"line":22,"column":64}},"14":{"start":{"line":25,"column":4},"end":{"line":25,"column":20}},"15":{"start":{"line":26,"column":4},"end":{"line":26,"column":18}},"16":{"start":{"line":30,"column":0},"end":{"line":30,"column":28}}},"fnMap":{"0":{"name":"(anonymous_1)","decl":{"start":{"line":4,"column":21},"end":{"line":4,"column":22}},"loc":{"start":{"line":4,"column":73},"end":{"line":28,"column":1}}},"1":{"name":"(anonymous_2)","decl":{"start":{"line":16,"column":53},"end":{"line":16,"column":54}},"loc":{"start":{"line":16,"column":77},"end":{"line":27,"column":3}}}},"branchMap":{"0":{"loc":{"start":{"line":5,"column":2},"end":{"line":7,"column":3}},"type":"if","locations":[{"start":{"line":5,"column":2},"end":{"line":7,"column":3}}]},"1":{"loc":{"start":{"line":5,"column":6},"end":{"line":5,"column":63}},"type":"binary-expr","locations":[{"start":{"line":5,"column":6},"end":{"line":5,"column":32}},{"start":{"line":5,"column":36},"end":{"line":5,"column":63}}]},"2":{"loc":{"start":{"line":10,"column":36},"end":{"line":10,"column":61}},"type":"cond-expr","locations":[{"start":{"line":10,"column":46},"end":{"line":10,"column":48}},{"start":{"line":10,"column":36},"end":{"line":10,"column":61}}]},"3":{"loc":{"start":{"line":10,"column":36},"end":{"line":10,"column":48}},"type":"binary-expr","locations":[{"start":{"line":10,"column":36},"end":{"line":10,"column":48}},{"start":{"line":10,"column":36},"end":{"line":10,"column":48}}]},"4":{"loc":{"start":{"line":12,"column":2},"end":{"line":14,"column":3}},"type":"if","locations":[{"start":{"line":12,"column":2},"end":{"line":14,"column":3}}]},"5":{"loc":{"start":{"line":17,"column":4},"end":{"line":23,"column":5}},"type":"if","locations":[{"start":{"line":17,"column":4},"end":{"line":23,"column":5}}]}},"s":{"0":4,"1":4,"2":75,"3":31,"4":44,"5":44,"6":44,"7":5,"8":39,"9":39,"10":2,"11":2,"12":2,"13":2,"14":37,"15":37,"16":4},"f":{"0":75,"1":39},"b":{"0":[31],"1":[75,44],"2":[5,39],"3":[44,44],"4":[5],"5":[2]}}
,"D:\\Program\\COLLEGE\\InternetApps\\brook\\server\\src\\schemas\\comment.schema.ts": {"path":"D:\\Program\\COLLEGE\\InternetApps\\brook\\server\\src\\schemas\\comment.schema.ts","statementMap":{"0":{"start":{"line":1,"column":0},"end":{"line":1,"column":32}},"1":{"start":{"line":17,"column":13},"end":{"line":22,"column":3}}},"fnMap":{},"branchMap":{},"s":{"0":4,"1":4},"f":{},"b":{}}
,"D:\\Program\\COLLEGE\\InternetApps\\brook\\server\\src\\schemas\\post.schema.ts": {"path":"D:\\Program\\COLLEGE\\InternetApps\\brook\\server\\src\\schemas\\post.schema.ts","statementMap":{"0":{"start":{"line":1,"column":0},"end":{"line":1,"column":32}},"1":{"start":{"line":33,"column":13},"end":{"line":43,"column":3}},"2":{"start":{"line":39,"column":58},"end":{"line":39,"column":68}}},"fnMap":{"0":{"name":"(anonymous_1)","decl":{"start":{"line":39,"column":52},"end":{"line":39,"column":55}},"loc":{"start":{"line":39,"column":58},"end":{"line":39,"column":68}}}},"branchMap":{},"s":{"0":4,"1":4,"2":6},"f":{"0":6},"b":{}}
,"D:\\Program\\COLLEGE\\InternetApps\\brook\\server\\src\\schemas\\user.schema.ts": {"path":"D:\\Program\\COLLEGE\\InternetApps\\brook\\server\\src\\schemas\\user.schema.ts","statementMap":{"0":{"start":{"line":1,"column":0},"end":{"line":1,"column":32}},"1":{"start":{"line":11,"column":13},"end":{"line":18,"column":3}}},"fnMap":{},"branchMap":{},"s":{"0":4,"1":4},"f":{},"b":{}}
}
