TN:
SF:src\main.ts
FN:6,(anonymous_1)
FN:7,(anonymous_2)
FNF:2
FNH:0
FNDA:0,(anonymous_1)
FNDA:0,(anonymous_2)
DA:1,0
DA:2,0
DA:4,0
DA:6,0
DA:7,0
DA:8,0
DA:9,0
LF:7
LH:0
BRF:0
BRH:0
end_of_record
TN:
SF:src\server.ts
FN:19,(anonymous_1)
FN:28,(anonymous_2)
FN:53,(anonymous_3)
FN:57,(anonymous_4)
FN:89,(anonymous_5)
FNF:5
FNH:2
FNDA:4,(anonymous_1)
FNDA:4,(anonymous_2)
FNDA:0,(anonymous_3)
FNDA:0,(anonymous_4)
FNDA:0,(anonymous_5)
DA:1,4
DA:2,4
DA:3,4
DA:4,4
DA:5,4
DA:6,4
DA:7,4
DA:8,4
DA:9,4
DA:10,4
DA:11,4
DA:12,4
DA:14,4
DA:15,4
DA:16,4
DA:17,4
DA:19,4
DA:20,4
DA:22,4
DA:26,4
DA:29,4
DA:30,4
DA:32,4
DA:34,4
DA:35,4
DA:36,4
DA:37,4
DA:38,4
DA:39,4
DA:40,4
DA:41,4
DA:44,4
DA:50,4
DA:53,4
DA:54,0
DA:57,4
DA:58,0
DA:61,4
DA:62,0
DA:64,0
DA:66,0
DA:74,0
DA:80,4
DA:81,4
DA:82,4
DA:89,0
DA:92,4
LF:47
LH:40
BRDA:22,0,0,0
BRDA:22,0,1,4
BRDA:61,1,0,0
BRDA:61,1,1,4
BRF:4
BRH:2
end_of_record
TN:
SF:src\swagger.ts
FNF:0
FNH:0
DA:1,4
DA:3,4
DA:40,4
LF:3
LH:3
BRF:0
BRH:0
end_of_record
TN:
SF:src\controllers\auth.controller.ts
FN:14,(anonymous_8)
FN:82,(anonymous_9)
FN:82,(anonymous_10)
FN:149,(anonymous_11)
FN:149,(anonymous_12)
FN:217,(anonymous_13)
FN:217,(anonymous_14)
FN:229,(anonymous_15)
FN:229,(anonymous_16)
FN:276,(anonymous_17)
FN:276,(anonymous_18)
FN:287,(anonymous_19)
FN:287,(anonymous_20)
FN:336,(anonymous_21)
FN:336,(anonymous_22)
FNF:15
FNH:13
FNDA:66,(anonymous_8)
FNDA:5,(anonymous_9)
FNDA:5,(anonymous_10)
FNDA:22,(anonymous_11)
FNDA:22,(anonymous_12)
FNDA:3,(anonymous_13)
FNDA:3,(anonymous_14)
FNDA:2,(anonymous_15)
FNDA:2,(anonymous_16)
FNDA:1,(anonymous_17)
FNDA:1,(anonymous_18)
FNDA:1,(anonymous_19)
FNDA:1,(anonymous_20)
FNDA:0,(anonymous_21)
FNDA:0,(anonymous_22)
DA:1,4
DA:2,4
DA:3,4
DA:4,4
DA:5,4
DA:6,4
DA:7,4
DA:9,4
DA:11,4
DA:14,4
DA:19,66
DA:82,5
DA:83,5
DA:85,5
DA:86,0
DA:89,5
DA:93,5
DA:94,0
DA:97,5
DA:98,5
DA:99,5
DA:100,5
DA:107,5
DA:108,5
DA:110,0
DA:111,0
DA:149,22
DA:150,22
DA:152,22
DA:153,1
DA:156,21
DA:157,21
DA:158,21
DA:159,1
DA:162,20
DA:163,20
DA:164,1
DA:167,19
DA:172,19
DA:178,19
DA:179,19
DA:181,19
DA:183,0
DA:184,0
DA:217,4
DA:218,3
DA:220,3
DA:221,3
DA:222,1
DA:225,2
DA:226,2
DA:229,2
DA:230,2
DA:231,1
DA:234,1
DA:235,1
DA:236,1
DA:237,0
DA:240,1
DA:241,0
DA:242,0
DA:243,0
DA:246,1
DA:251,1
DA:255,0
DA:256,0
DA:276,4
DA:277,1
DA:278,1
DA:279,1
DA:280,0
DA:283,1
DA:284,1
DA:287,1
DA:288,1
DA:289,0
DA:292,1
DA:293,1
DA:294,1
DA:295,0
DA:298,1
DA:299,1
DA:300,1
DA:304,0
DA:305,0
DA:336,4
DA:337,0
DA:339,0
DA:341,0
DA:342,0
DA:347,0
DA:349,0
DA:350,0
DA:351,0
DA:358,0
DA:361,0
DA:366,0
DA:372,0
DA:373,0
DA:375,0
DA:377,0
DA:378,0
DA:382,4
LF:103
LH:70
BRDA:85,0,0,0
BRDA:85,1,0,5
BRDA:85,1,1,5
BRDA:85,1,2,5
BRDA:93,2,0,0
BRDA:152,3,0,1
BRDA:152,4,0,22
BRDA:152,4,1,21
BRDA:158,5,0,1
BRDA:163,6,0,1
BRDA:220,7,0,3
BRDA:220,7,1,3
BRDA:220,7,2,2
BRDA:221,8,0,1
BRDA:230,9,0,1
BRDA:236,10,0,0
BRDA:240,11,0,0
BRDA:278,12,0,1
BRDA:278,12,1,1
BRDA:279,13,0,0
BRDA:288,14,0,0
BRDA:294,15,0,0
BRDA:350,16,0,0
BRF:23
BRH:15
end_of_record
TN:
SF:src\controllers\comment.controller.ts
FN:66,(anonymous_8)
FN:66,(anonymous_9)
FN:120,(anonymous_10)
FN:120,(anonymous_11)
FN:173,(anonymous_12)
FN:173,(anonymous_13)
FN:207,(anonymous_14)
FN:207,(anonymous_15)
FN:241,(anonymous_16)
FN:241,(anonymous_17)
FN:249,(anonymous_18)
FNF:11
FNH:10
FNDA:4,(anonymous_8)
FNDA:4,(anonymous_9)
FNDA:1,(anonymous_10)
FNDA:1,(anonymous_11)
FNDA:1,(anonymous_12)
FNDA:1,(anonymous_13)
FNDA:3,(anonymous_14)
FNDA:3,(anonymous_15)
FNDA:1,(anonymous_16)
FNDA:1,(anonymous_17)
FNDA:0,(anonymous_18)
DA:1,4
DA:2,4
DA:3,4
DA:5,4
DA:7,4
DA:66,4
DA:67,4
DA:68,3
DA:73,1
DA:74,1
DA:79,1
DA:81,1
DA:83,0
DA:120,4
DA:121,1
DA:122,1
DA:124,1
DA:125,0
DA:128,1
DA:129,1
DA:135,1
DA:136,0
DA:139,1
DA:141,0
DA:173,4
DA:174,1
DA:176,1
DA:177,1
DA:179,1
DA:180,0
DA:183,1
DA:185,0
DA:207,4
DA:208,3
DA:209,3
DA:210,3
DA:212,0
DA:241,4
DA:242,1
DA:243,1
DA:244,1
DA:249,1
DA:250,0
DA:252,0
DA:259,1
DA:261,0
DA:265,4
LF:47
LH:37
BRDA:67,0,0,3
BRDA:67,1,0,4
BRDA:67,1,1,1
BRDA:67,1,2,1
BRDA:124,2,0,0
BRDA:135,3,0,0
BRDA:179,4,0,0
BRF:7
BRH:4
end_of_record
TN:
SF:src\controllers\post.controller.ts
FN:79,(anonymous_8)
FN:79,(anonymous_9)
FN:92,(anonymous_10)
FN:102,(anonymous_11)
FN:104,(anonymous_12)
FN:149,(anonymous_13)
FN:149,(anonymous_14)
FN:190,(anonymous_15)
FN:190,(anonymous_16)
FN:254,(anonymous_17)
FN:254,(anonymous_18)
FN:319,(anonymous_19)
FN:319,(anonymous_20)
FN:359,(anonymous_21)
FN:359,(anonymous_22)
FN:396,(anonymous_23)
FN:396,(anonymous_24)
FN:415,(anonymous_25)
FNF:18
FNH:14
FNDA:4,(anonymous_8)
FNDA:4,(anonymous_9)
FNDA:40,(anonymous_10)
FNDA:40,(anonymous_11)
FNDA:0,(anonymous_12)
FNDA:2,(anonymous_13)
FNDA:2,(anonymous_14)
FNDA:3,(anonymous_15)
FNDA:3,(anonymous_16)
FNDA:1,(anonymous_17)
FNDA:1,(anonymous_18)
FNDA:6,(anonymous_19)
FNDA:6,(anonymous_20)
FNDA:0,(anonymous_21)
FNDA:0,(anonymous_22)
FNDA:3,(anonymous_23)
FNDA:3,(anonymous_24)
FNDA:0,(anonymous_25)
DA:1,4
DA:2,4
DA:3,4
DA:4,4
DA:5,4
DA:6,4
DA:8,4
DA:9,4
DA:79,4
DA:80,4
DA:81,4
DA:83,4
DA:84,4
DA:85,4
DA:86,4
DA:92,40
DA:97,4
DA:102,4
DA:104,40
DA:107,40
DA:118,4
DA:120,0
DA:149,4
DA:150,2
DA:151,2
DA:152,2
DA:153,1
DA:155,1
DA:156,1
DA:157,0
DA:159,1
DA:161,0
DA:190,4
DA:191,3
DA:192,3
DA:193,3
DA:195,3
DA:196,3
DA:197,3
DA:199,3
DA:203,3
DA:205,0
DA:254,4
DA:255,1
DA:256,0
DA:259,1
DA:260,1
DA:264,1
DA:266,1
DA:273,1
DA:274,0
DA:276,1
DA:278,0
DA:319,6
DA:320,6
DA:321,6
DA:325,6
DA:331,6
DA:332,6
DA:334,0
DA:359,4
DA:360,0
DA:361,0
DA:362,0
DA:363,0
DA:365,0
DA:366,0
DA:367,0
DA:369,0
DA:371,0
DA:396,4
DA:397,3
DA:398,3
DA:400,3
DA:401,3
DA:402,1
DA:405,2
DA:406,2
DA:407,0
DA:410,2
DA:411,1
DA:414,1
DA:415,0
DA:416,0
DA:417,0
DA:420,1
DA:421,1
DA:423,1
DA:425,0
DA:429,4
LF:90
LH:68
BRDA:80,0,0,4
BRDA:80,0,1,4
BRDA:104,1,0,40
BRDA:104,1,1,40
BRDA:104,2,0,40
BRDA:104,2,1,0
BRDA:104,3,0,40
BRDA:104,3,1,40
BRDA:112,4,0,40
BRDA:112,4,1,0
BRDA:152,5,0,1
BRDA:156,6,0,0
BRDA:192,7,0,3
BRDA:192,7,1,3
BRDA:255,8,0,0
BRDA:260,9,0,0
BRDA:260,9,1,1
BRDA:273,10,0,0
BRDA:321,11,0,1
BRDA:321,11,1,5
BRDA:362,12,0,0
BRDA:366,13,0,0
BRDA:401,14,0,1
BRDA:406,15,0,0
BRDA:410,16,0,1
BRDA:414,17,0,0
BRF:26
BRH:16
end_of_record
TN:
SF:src\controllers\user.controller.ts
FN:49,(anonymous_17)
FN:49,(anonymous_18)
FN:83,(anonymous_19)
FN:83,(anonymous_20)
FN:135,(anonymous_21)
FN:135,(anonymous_22)
FN:190,(anonymous_23)
FN:190,(anonymous_24)
FNF:8
FNH:8
FNDA:1,(anonymous_17)
FNDA:1,(anonymous_18)
FNDA:2,(anonymous_19)
FNDA:2,(anonymous_20)
FNDA:2,(anonymous_21)
FNDA:2,(anonymous_22)
FNDA:2,(anonymous_23)
FNDA:2,(anonymous_24)
DA:1,4
DA:2,4
DA:3,4
DA:4,4
DA:5,4
DA:7,4
DA:8,4
DA:49,4
DA:50,1
DA:51,1
DA:52,1
DA:54,0
DA:83,4
DA:84,2
DA:85,2
DA:87,2
DA:89,1
DA:91,0
DA:132,4
DA:135,2
DA:136,2
DA:137,2
DA:139,2
DA:140,2
DA:144,2
DA:145,2
DA:146,2
DA:148,2
DA:152,2
DA:153,2
DA:155,0
DA:190,4
DA:191,2
DA:192,2
DA:194,2
DA:196,1
DA:200,0
DA:204,4
LF:38
LH:34
BRDA:87,0,0,1
BRDA:140,1,0,1
BRDA:140,1,1,1
BRDA:145,2,0,2
BRDA:146,3,0,1
BRDA:152,4,0,0
BRDA:194,5,0,1
BRF:7
BRH:6
end_of_record
TN:
SF:src\middlewares\auth.middleware.ts
FN:4,(anonymous_1)
FN:16,(anonymous_2)
FNF:2
FNH:2
FNDA:75,(anonymous_1)
FNDA:39,(anonymous_2)
DA:2,4
DA:4,4
DA:5,75
DA:6,31
DA:9,44
DA:10,44
DA:12,44
DA:13,5
DA:16,39
DA:17,39
DA:18,2
DA:19,2
DA:20,2
DA:22,2
DA:25,37
DA:26,37
DA:30,4
LF:17
LH:17
BRDA:5,0,0,31
BRDA:5,1,0,75
BRDA:5,1,1,44
BRDA:10,2,0,5
BRDA:10,2,1,39
BRDA:10,3,0,44
BRDA:10,3,1,44
BRDA:12,4,0,5
BRDA:17,5,0,2
BRF:9
BRH:9
end_of_record
TN:
SF:src\schemas\comment.schema.ts
FNF:0
FNH:0
DA:1,4
DA:17,4
LF:2
LH:2
BRF:0
BRH:0
end_of_record
TN:
SF:src\schemas\post.schema.ts
FN:39,(anonymous_1)
FNF:1
FNH:1
FNDA:6,(anonymous_1)
DA:1,4
DA:33,4
DA:39,6
LF:3
LH:3
BRF:0
BRH:0
end_of_record
TN:
SF:src\schemas\user.schema.ts
FNF:0
FNH:0
DA:1,4
DA:11,4
LF:2
LH:2
BRF:0
BRH:0
end_of_record
